WARNING 2025-11-01 08:40:39,177 views [UNAUTHORIZED ADMIN LOGIN] Username: newadmin, Time: 2025-11-01 00:40:39.177663+00:00
INFO 2025-11-01 08:45:42,896 views [ADMIN LOGIN SUCCESS] Admin: newadmin, Time: 2025-11-01 00:45:42.896144+00:00
INFO 2025-11-01 08:53:15,614 views [ADMIN LOGIN SUCCESS] Admin: newadmin, Time: 2025-11-01 00:53:15.614364+00:00
INFO 2025-11-01 09:29:15,004 views [ADMIN LOGIN SUCCESS] Admin: newadmin, Time: 2025-11-01 01:29:15.004082+00:00
INFO 2025-11-01 09:45:05,643 views [ADMIN LOGIN SUCCESS] Admin: newadmin, Time: 2025-11-01 01:45:05.643718+00:00
INFO 2025-11-01 10:34:14,522 views [ADMIN LOGIN SUCCESS] Admin: newadmin, Time: 2025-11-01 02:34:14.522992+00:00
WARNING 2025-11-01 13:13:04,705 views [UNAUTHORIZED ADMIN LOGIN] Username: admin, Time: 2025-11-01 05:13:04.705295+00:00
INFO 2025-11-01 13:16:35,489 views [ADMIN LOGIN SUCCESS] Admin: egateadmin, Time: 2025-11-01 05:16:35.489837+00:00
INFO 2025-11-01 13:41:45,949 views [ADMIN LOGIN SUCCESS] Admin: egateadmin, Time: 2025-11-01 05:41:45.949992+00:00
INFO 2025-11-01 17:00:07,639 views [ADMIN LOGIN SUCCESS] Admin: admin1, Time: 2025-11-01 09:00:07.639129+00:00
WARNING 2025-11-01 17:01:12,053 views [FAILED ADMIN LOGIN] Username: Admin1, Time: 2025-11-01 09:01:12.053208+00:00
INFO 2025-11-01 17:13:57,065 views [ADMIN LOGIN SUCCESS] Admin: admin1, Time: 2025-11-01 09:13:57.065907+00:00
WARNING 2025-11-01 18:02:18,159 views [FAILED ADMIN LOGIN] Username: admin, Time: 2025-11-01 10:02:18.159828+00:00
INFO 2025-11-01 18:05:09,821 views [ADMIN LOGIN SUCCESS] Admin: admin1, Time: 2025-11-01 10:05:09.821319+00:00
INFO 2025-11-01 18:05:11,237 views [ADMIN LOGIN SUCCESS] Admin: admin1, Time: 2025-11-01 10:05:11.237979+00:00
INFO 2025-11-01 18:07:05,560 views [ADMIN LOGIN SUCCESS] Admin: Admin, Time: 2025-11-01 10:07:05.560312+00:00
INFO 2025-11-01 18:07:22,516 views [ADMIN LOGIN SUCCESS] Admin: admin1, Time: 2025-11-01 10:07:22.516838+00:00
INFO 2025-11-01 18:07:49,849 views [ADMIN LOGIN SUCCESS] Admin: admin1, Time: 2025-11-01 10:07:49.849709+00:00
INFO 2025-11-01 18:15:17,970 views [ADMIN LOGIN SUCCESS] Admin: admin1, Time: 2025-11-01 10:15:17.970894+00:00
INFO 2025-11-01 18:18:37,551 views [ADMIN LOGIN SUCCESS] Admin: admin1, Time: 2025-11-01 10:18:37.551665+00:00
INFO 2025-11-01 18:24:45,312 views [ADMIN LOGIN SUCCESS] Admin: admin1, Time: 2025-11-01 10:24:45.312673+00:00
INFO 2025-11-01 18:29:33,860 views [ADMIN LOGIN SUCCESS] Admin: admin1, Time: 2025-11-01 10:29:33.860942+00:00
INFO 2025-11-01 18:29:53,500 views [ADMIN LOGIN SUCCESS] Admin: Admin, Time: 2025-11-01 10:29:53.500755+00:00
INFO 2025-11-01 18:39:39,618 views [ADMIN LOGIN SUCCESS] Admin: admin1, Time: 2025-11-01 10:39:39.618851+00:00
INFO 2025-11-01 18:47:08,750 views [ADMIN LOGIN SUCCESS] Admin: admin1, Time: 2025-11-01 10:47:08.750637+00:00
INFO 2025-11-01 18:47:24,730 views [ADMIN LOGIN SUCCESS] Admin: admin1, Time: 2025-11-01 10:47:24.730796+00:00
INFO 2025-11-01 18:47:37,929 views [ADMIN LOGIN SUCCESS] Admin: Admin, Time: 2025-11-01 10:47:37.929801+00:00
INFO 2025-11-01 19:06:28,532 views [ADMIN LOGIN SUCCESS] Admin: admin1, Time: 2025-11-01 11:06:28.532724+00:00
INFO 2025-11-01 19:07:35,213 views [ADMIN LOGIN SUCCESS] Admin: admin1, Time: 2025-11-01 11:07:35.213791+00:00
WARNING 2025-11-01 19:54:41,124 views [UNAUTHORIZED ADMIN LOGIN] Username: res1, Time: 2025-11-01 11:54:41.124441+00:00
INFO 2025-11-01 19:54:47,962 views [ADMIN LOGIN SUCCESS] Admin: admin1, Time: 2025-11-01 11:54:47.962042+00:00
INFO 2025-11-01 20:02:55,367 views [ADMIN LOGIN SUCCESS] Admin: admin1, Time: 2025-11-01 12:02:55.367200+00:00
WARNING 2025-11-02 13:08:35,479 views [UNAUTHORIZED ADMIN LOGIN] Username: res1, Time: 2025-11-02 05:08:35.479982+00:00
INFO 2025-11-02 13:08:40,374 views [ADMIN LOGIN SUCCESS] Admin: admin1, Time: 2025-11-02 05:08:40.374395+00:00
INFO 2025-11-02 13:10:56,252 views [ADMIN LOGIN SUCCESS] Admin: admin1, Time: 2025-11-02 05:10:56.252925+00:00
INFO 2025-11-02 14:50:49,071 views [ADMIN LOGIN SUCCESS] Admin: admin1, Time: 2025-11-02 06:50:49.071663+00:00
INFO 2025-11-02 14:51:05,641 views [ADMIN LOGIN SUCCESS] Admin: admin1, Time: 2025-11-02 06:51:05.641740+00:00
INFO 2025-11-02 14:51:55,992 views [ADMIN LOGIN SUCCESS] Admin: admin1, Time: 2025-11-02 06:51:55.992193+00:00
INFO 2025-11-02 14:53:29,557 views [ADMIN LOGIN SUCCESS] Admin: admin1, Time: 2025-11-02 06:53:29.557243+00:00
INFO 2025-11-02 14:54:34,544 views [ADMIN LOGIN SUCCESS] Admin: admin_test, Time: 2025-11-02 06:54:34.544914+00:00
INFO 2025-11-02 14:56:03,955 views [ADMIN LOGIN SUCCESS] Admin: admin_test, Time: 2025-11-02 06:56:03.955076+00:00
INFO 2025-11-02 14:57:30,692 views [ADMIN LOGIN SUCCESS] Admin: admin_test, Time: 2025-11-02 06:57:30.692254+00:00
INFO 2025-11-02 14:57:33,392 views [ADMIN LOGIN SUCCESS] Admin: admin_flow, Time: 2025-11-02 06:57:33.392927+00:00
INFO 2025-11-02 14:59:44,501 views [ADMIN LOGIN SUCCESS] Admin: admin1, Time: 2025-11-02 06:59:44.501594+00:00
INFO 2025-11-02 15:00:43,536 views [ADMIN LOGIN SUCCESS] Admin: admin1, Time: 2025-11-02 07:00:43.536597+00:00
INFO 2025-11-02 15:03:44,716 views [ADMIN LOGIN SUCCESS] Admin: admin1, Time: 2025-11-02 07:03:44.716827+00:00
INFO 2025-11-02 15:04:37,363 views [ADMIN LOGIN SUCCESS] Admin: admin1, Time: 2025-11-02 07:04:37.363447+00:00
